<?xml version="1.0" encoding="UTF-8"?>
<testng-results ignored="0" total="1" passed="1" failed="0" skipped="0">
  <reporter-output>
  </reporter-output>
  <suite started-at="2026-06-18T13:25:00 IST" name="Default suite" finished-at="2026-06-18T13:25:21 IST" duration-ms="21047">
    <groups>
    </groups>
    <test started-at="2026-06-18T13:25:00 IST" name="Default test" finished-at="2026-06-18T13:25:21 IST" duration-ms="21047">
      <class name="SeleniumWebDriver.LoginUsingPOM">
        <test-method signature="loginTest()[pri:0, instance:SeleniumWebDriver.LoginUsingPOM@515c6049]" started-at="2026-06-18T13:25:00 IST" name="loginTest" finished-at="2026-06-18T13:25:21 IST" duration-ms="20991" status="PASS">
          <reporter-output>
          </reporter-output>
        </test-method> <!-- loginTest -->
      </class> <!-- SeleniumWebDriver.LoginUsingPOM -->
    </test> <!-- Default test -->
  </suite> <!-- Default suite -->
</testng-results>
